*******************************************
[22;36m ccminer CPU High Hashrate [0m  : 4.0.0
Verushash v2.2 based on ccminer
*******************************************
                                           
[2026-02-02 03:03:43][36m [1;37;46m INFO   [0m[36m Starting on stratum+tcp://sg.vipor.net:5040 [0m[0m
[2026-02-02 03:03:43] [1;37;45m INFO   [0m 8 miner threads started, using 'verus' algorithm.[0m
[2026-02-02 03:03:44] API open to the network in read-only mode on port 4068[0m
[2026-02-02 03:03:49][33m [1;37;43m NET    [0m[35m New job [0m[33mStratum difficulty set to 139264[0m[0m
[2026-02-02 03:03:56] CPU [44mT4[0m:VerusHashing (null), 626.84 kH/s[0m
[2026-02-02 03:03:56][01;37m [32mAccepted[0m:[32m[1]/[0m[31m[0][0m [32mdiff 180403.269[0m ⚡⚡[36m1126.84 kH/s [32myes![0m🚀🚀[0m
[2026-02-02 03:03:57] CPU [44mT6[0m:VerusHashing (null), 624.54 kH/s[0m
[2026-02-02 03:03:57][01;37m [32mAccepted[0m:[32m[2]/[0m[31m[0][0m [32mdiff 409207.415[0m ⚡⚡[36m1751.38 kH/s [32myes![0m🚀🚀[0m
[2026-02-02 03:03:59][01;37m [32mAccepted[0m:[32m[3]/[0m[31m[0][0m [32mdiff 172963.959[0m ⚡⚡[36m1748.46 kH/s [32myes![0m🚀🚀[0m
[2026-02-02 03:04:17] CPU [44mT2[0m:VerusHashing (null), 389.88 kH/s[0m
[2026-02-02 03:04:17][01;37m [32mAccepted[0m:[32m[4]/[0m[31m[0][0m [32mdiff 419437.600[0m ⚡⚡[36m2138.34 kH/s [32myes![0m🚀🚀[0m
[2026-02-02 03:04:24] CPU [44mT5[0m:VerusHashing (null), 311.80 kH/s[0m
[2026-02-02 03:04:24][01;37m [32mAccepted[0m:[32m[5]/[0m[31m[0][0m [32mdiff 466041.778[0m ⚡⚡[36m2450.14 kH/s [32myes![0m🚀🚀[0m
[2026-02-02 03:04:36] CPU [44mT0[0m:VerusHashing (null), 399.92 kH/s[0m
[2026-02-02 03:04:36][01;37m [32mAccepted[0m:[32m[6]/[0m[31m[0][0m [32mdiff 239678.629[0m ⚡⚡[36m2850.06 kH/s [32myes![0m🚀🚀[0m
[2026-02-02 03:04:49] CPU [44mT2[0m:VerusHashing (null), 377.16 kH/s[0m
[2026-02-02 03:04:49][01;37m [32mAccepted[0m:[32m[7]/[0m[31m[0][0m [32mdiff 441513.263[0m ⚡⚡[36m2843.70 kH/s [32myes![0m🚀🚀[0m
[2026-02-02 03:05:18] CPU [44mT4[0m:VerusHashing (null), 383.96 kH/s[0m
[2026-02-02 03:05:18][01;37m [32mAccepted[0m:[32m[8]/[0m[31m[0][0m [32mdiff 599196.571[0m ⚡⚡[36m2722.26 kH/s [32myes![0m🚀🚀[0m
[2026-02-02 03:05:22] CPU [44mT1[0m:VerusHashing (null), 311.09 kH/s[0m
[2026-02-02 03:05:22][01;37m [32mAccepted[0m:[32m[9]/[0m[31m[0][0m [32mdiff 233020.889[0m ⚡⚡[36m3033.35 kH/s [32myes![0m🚀🚀[0m
[2026-02-02 03:05:23] CPU [44mT5[0m:VerusHashing (null), 387.27 kH/s[0m
[2026-02-02 03:05:23][01;37m [32mAccepted[0m:[32m[10]/[0m[31m[0][0m [32mdiff 390174.512[0m ⚡⚡[36m3071.08 kH/s [32myes![0m🚀🚀[0m
[2026-02-02 03:06:22] CPU [44mT3[0m:VerusHashing (null), 135.39 kH/s[0m
[2026-02-02 03:06:22][01;37m [32mAccepted[0m:[32m[11]/[0m[31m[0][0m [32mdiff 621389.037[0m ⚡⚡[36m3206.47 kH/s [32myes![0m🚀🚀[0m
